INFO     02:19:53 # begin parsing files...
INFO     02:19:53 # retrieving reads from file: chip_rep1.bed
INFO     02:19:53 # retrieving reads from file: chip_rep2.bed
INFO     02:19:53 # retrieving reads from file: input_rep1.bed
INFO     02:19:53 # retrieving reads from file: input_rep2.bed
INFO     02:19:53 # Total #reads for chip_rep1.bed is 25256
INFO     02:19:53 # Total #reads for chip_rep2.bed is 41757
INFO     02:19:53 # Total #reads for input_rep1.bed is 30274
INFO     02:19:53 # Total #reads for input_rep2.bed is 26214
DEBUG    02:19:53 # The genome size is 9999956
INFO     02:19:53 # leaving file_parser.py
INFO     02:19:53 # chip_rep1.bed 48
INFO     02:19:53 # chip_rep2.bed 46
INFO     02:19:53 # input_rep1.bed 47
INFO     02:19:53 # input_rep2.bed 47
DEBUG    02:19:53 # shifting the reads for chr10...
DEBUG    02:19:54 # The scaling factor for input_rep1.bed is 1.15910448876
DEBUG    02:19:54 # The scaling factor for input_rep2.bed is 1.31449920242
DEBUG    02:19:54 # The TMM estiamted from top 1000 windows is 1.27570364809
DEBUG    02:19:54 # The scaling factor for chip_rep1.bed is 1.27570364809
DEBUG    02:19:54 # The TMM estiamted from top 1000 windows is 0.82405111102
DEBUG    02:19:54 # The scaling factor for chip_rep2.bed is 0.82405111102
INFO     02:19:54 #  The windowSize is 180
INFO     02:19:54 # partitioning by window on 	chr10...
DEBUG    02:19:54 # there are 17 candidate windows for chr10
DEBUG    02:19:55 # finished estimating dispersion for chr10
DEBUG    02:19:55 # begin estimating fdr
DEBUG    02:19:55 # finished estimating fdr
INFO     02:19:55 # Merging adjacent significant windows...
INFO     02:19:55 # begin post-processing...
