INFO     01:31:15 # begin parsing files...
INFO     01:31:15 # retrieving reads from file: chip_rep1.bed
INFO     01:31:15 # retrieving reads from file: chip_rep2.bed
INFO     01:31:15 # retrieving reads from file: input_rep1.bed
INFO     01:31:15 # retrieving reads from file: input_rep2.bed
INFO     01:31:15 # Total #reads for chip_rep1.bed is 25256
INFO     01:31:15 # Total #reads for chip_rep2.bed is 41757
INFO     01:31:15 # Total #reads for input_rep1.bed is 30274
INFO     01:31:15 # Total #reads for input_rep2.bed is 26214
DEBUG    01:31:15 # The genome size is 9999956
INFO     01:31:15 # leaving file_parser.py
INFO     01:31:15 # chip_rep1.bed 48
INFO     01:31:15 # chip_rep2.bed 46
INFO     01:31:15 # input_rep1.bed 47
INFO     01:31:15 # input_rep2.bed 47
DEBUG    01:31:15 # shifting the reads for chr10...
DEBUG    01:31:16 # The scaling factor for input_rep1.bed is 1.15910448876
DEBUG    01:31:16 # The scaling factor for input_rep2.bed is 1.31449920242
DEBUG    01:31:16 # The TMM estiamted from top 1000 windows is 1.27570364809
DEBUG    01:31:16 # The scaling factor for chip_rep1.bed is 1.27570364809
DEBUG    01:31:16 # The TMM estiamted from top 1000 windows is 0.82405111102
DEBUG    01:31:16 # The scaling factor for chip_rep2.bed is 0.82405111102
INFO     01:31:16 #  The windowSize is 180
INFO     01:31:16 # partitioning by window on 	chr10...
DEBUG    01:31:16 # there are 17 candidate windows for chr10
DEBUG    01:31:16 # finished estimating dispersion for chr10
DEBUG    01:31:16 # begin estimating fdr
DEBUG    01:31:16 # finished estimating fdr
INFO     01:31:16 # Merging adjacent significant windows...
INFO     01:31:16 # begin post-processing...
